24/03/2022 6:08:54,826 [6760] ERROR filter.ExceptionCatcherFilter - Uncaught Exception: Doctrine_Record_UnknownPropertyException: Unknown record property / related component "empnumber" on "Employee" in C:\xampp\htdocs\orahrm\symfony\lib\vendor\lexpress\doctrine1\lib\Doctrine\Record\Filter\Standard.php:55
Stack trace:
#0 C:\xampp\htdocs\orahrm\symfony\lib\vendor\lexpress\doctrine1\lib\Doctrine\Record.php(1394): Doctrine_Record_Filter_Standard->filterGet(Object(Employee), 'empnumber')
#1 C:\xampp\htdocs\orahrm\symfony\lib\vendor\lexpress\doctrine1\lib\Doctrine\Record.php(1349): Doctrine_Record->_get('empnumber', true)
#2 C:\xampp\htdocs\orahrm\symfony\lib\vendor\symfony\lib\plugins\sfDoctrinePlugin\lib\record\sfDoctrineRecord.class.php(185): Doctrine_Record->get('empnumber')
#3 C:\xampp\htdocs\orahrm\symfony\plugins\orangehrmAttendancePlugin\modules\attendance\actions\viewAttendanceRecordAction.class.php(147): sfDoctrineRecord->__call('getEmpnumber', Array)
#4 C:\xampp\htdocs\orahrm\symfony\cache\orangehrm\prod\config\config_core_compile.yml.php(967): viewAttendanceRecordAction->execute(Object(sfWebRequest))
#5 C:\xampp\htdocs\orahrm\symfony\plugins\orangehrmCorePlugin\lib\filter\orangehrmExecutionFilter.php(42): sfExecutionFilter->executeAction(Object(viewAttendanceRecordAction))
#6 C:\xampp\htdocs\orahrm\symfony\cache\orangehrm\prod\config\config_core_compile.yml.php(962): orangehrmExecutionFilter->executeAction(Object(viewAttendanceRecordAction))
#7 C:\xampp\htdocs\orahrm\symfony\cache\orangehrm\prod\config\config_core_compile.yml.php(948): sfExecutionFilter->handleAction(Object(sfFilterChain), Object(viewAttendanceRecordAction))
#8 C:\xampp\htdocs\orahrm\symfony\cache\orangehrm\prod\config\config_core_compile.yml.php(1044): sfExecutionFilter->execute(Object(sfFilterChain))
#9 C:\xampp\htdocs\orahrm\symfony\lib\vendor\symfony\lib\filter\sfCommonFilter.class.php(29): sfFilterChain->execute()
#10 C:\xampp\htdocs\orahrm\symfony\cache\orangehrm\prod\config\config_core_compile.yml.php(1044): sfCommonFilter->execute(Object(sfFilterChain))
#11 C:\xampp\htdocs\orahrm\symfony\plugins\orangehrmCorePlugin\lib\filter\orangehrmPostExecutionFilter.php(22): sfFilterChain->execute()
#12 C:\xampp\htdocs\orahrm\symfony\cache\orangehrm\prod\config\config_core_compile.yml.php(1044): orangehrmPostExecutionFilter->execute(Object(sfFilterChain))
#13 C:\xampp\htdocs\orahrm\symfony\apps\orangehrm\lib\filter\ModuleFilter.php(56): sfFilterChain->execute()
#14 C:\xampp\htdocs\orahrm\symfony\cache\orangehrm\prod\config\config_core_compile.yml.php(1044): ModuleFilter->execute(Object(sfFilterChain))
#15 C:\xampp\htdocs\orahrm\symfony\plugins\orangehrmCorePlugin\lib\authorization\filter\ohrmAuthorizationFilter.php(101): sfFilterChain->execute()
#16 C:\xampp\htdocs\orahrm\symfony\cache\orangehrm\prod\config\config_core_compile.yml.php(1044): ohrmAuthorizationFilter->execute(Object(sfFilterChain))
#17 C:\xampp\htdocs\orahrm\symfony\apps\orangehrm\lib\filter\SessionInfoFetcherFilter.php(67): sfFilterChain->execute()
#18 C:\xampp\htdocs\orahrm\symfony\cache\orangehrm\prod\config\config_core_compile.yml.php(1044): SessionInfoFetcherFilter->execute(Object(sfFilterChain))
#19 C:\xampp\htdocs\orahrm\symfony\apps\orangehrm\lib\filter\OrangeI18NFilter.php(58): sfFilterChain->execute()
#20 C:\xampp\htdocs\orahrm\symfony\cache\orangehrm\prod\config\config_core_compile.yml.php(1044): OrangeI18NFilter->execute(Object(sfFilterChain))
#21 C:\xampp\htdocs\orahrm\symfony\apps\orangehrm\lib\filter\ExceptionCatcherFilter.php(26): sfFilterChain->execute()
#22 C:\xampp\htdocs\orahrm\symfony\cache\orangehrm\prod\config\config_core_compile.yml.php(1044): ExceptionCatcherFilter->execute(Object(sfFilterChain))
#23 C:\xampp\htdocs\orahrm\symfony\lib\vendor\symfony\lib\filter\sfBasicSecurityFilter.class.php(72): sfFilterChain->execute()
#24 C:\xampp\htdocs\orahrm\symfony\cache\orangehrm\prod\config\config_core_compile.yml.php(1044): sfBasicSecurityFilter->execute(Object(sfFilterChain))
#25 C:\xampp\htdocs\orahrm\symfony\cache\orangehrm\prod\config\config_core_compile.yml.php(1009): sfFilterChain->execute()
#26 C:\xampp\htdocs\orahrm\symfony\cache\orangehrm\prod\config\config_core_compile.yml.php(1044): sfRenderingFilter->execute(Object(sfFilterChain))
#27 C:\xampp\htdocs\orahrm\symfony\cache\orangehrm\prod\config\config_core_compile.yml.php(685): sfFilterChain->execute()
#28 C:\xampp\htdocs\orahrm\symfony\cache\orangehrm\prod\config\config_core_compile.yml.php(2780): sfController->forward('attendance', 'viewAttendanceR...')
#29 C:\xampp\htdocs\orahrm\symfony\lib\vendor\symfony\lib\util\sfContext.class.php(179): sfFrontWebController->dispatch()
#30 C:\xampp\htdocs\orahrm\symfony\web\index.php(22): sfContext->dispatch()
#31 {main}
